TN:
SF:src/modules/appointments/services/CreateAppointmentService.ts
FN:27,(anonymous_18)
FN:28,CreateAppointmentService
FN:33,(anonymous_20)
FNF:3
FNH:3
FNDA:1,(anonymous_18)
FNDA:2,CreateAppointmentService
FNDA:3,(anonymous_20)
DA:2,1
DA:4,1
DA:6,1
DA:27,1
DA:30,2
DA:33,3
DA:34,3
DA:37,3
DA:42,3
DA:43,1
DA:46,2
DA:51,2
DA:53,1
DA:55,1
LF:14
LH:14
BRDA:42,0,0,1
BRDA:42,0,1,2
BRF:2
BRH:2
end_of_record
TN:
SF:src/modules/users/services/AuthenticateUserService.ts
FN:21,(anonymous_18)
FN:22,AuthenticateUserService
FN:30,(anonymous_20)
FNF:3
FNH:3
FNDA:1,(anonymous_18)
FNDA:3,AuthenticateUserService
FNDA:3,(anonymous_20)
DA:1,1
DA:2,1
DA:3,1
DA:4,1
DA:21,1
DA:24,3
DA:27,3
DA:30,3
DA:32,3
DA:35,3
DA:36,1
DA:42,2
DA:48,2
DA:49,1
DA:52,1
DA:54,1
DA:59,1
DA:64,1
DA:66,1
LF:19
LH:19
BRDA:32,0,0,3
BRDA:35,1,0,1
BRDA:35,1,1,2
BRDA:48,2,0,1
BRDA:48,2,1,1
BRF:5
BRH:5
end_of_record
TN:
SF:src/modules/users/services/CreateUserService.ts
FN:15,(anonymous_18)
FN:16,CreateUserService
FN:24,(anonymous_20)
FNF:3
FNH:3
FNDA:2,(anonymous_18)
FNDA:4,CreateUserService
FNDA:5,(anonymous_20)
DA:1,2
DA:2,2
DA:15,2
DA:18,4
DA:21,4
DA:24,5
DA:26,5
DA:28,5
DA:29,1
DA:32,4
DA:35,4
DA:41,4
DA:43,2
DA:45,2
LF:14
LH:14
BRDA:26,0,0,5
BRDA:28,1,0,1
BRDA:28,1,1,4
BRF:3
BRH:3
end_of_record
TN:
SF:src/modules/users/services/UpdateUserAvatarService.ts
FN:22,(anonymous_18)
FN:23,UpdateUserAvatarService
FN:32,(anonymous_20)
FNF:3
FNH:3
FNDA:1,(anonymous_18)
FNDA:3,UpdateUserAvatarService
FNDA:4,(anonymous_20)
DA:8,1
DA:10,1
DA:22,1
DA:25,3
DA:28,3
DA:32,4
DA:34,4
DA:37,4
DA:38,1
DA:42,5
DA:43,2
DA:47,3
DA:50,3
DA:52,6
DA:54,3
DA:56,1
DA:58,1
LF:17
LH:17
BRDA:34,0,0,4
BRDA:34,0,1,3
BRDA:37,1,0,1
BRDA:37,1,1,3
BRDA:42,2,0,2
BRDA:42,2,1,1
BRF:6
BRH:6
end_of_record
